<?xml version="1.0" encoding="UTF-8"?>
<!-- Generated by org.testng.reporters.JUnitReportReporter -->
<testsuite skipped="0" hostname="BDC6-DX-J0R79F2" name="com.test.demo3_testNG" tests="1" failures="0" timestamp="12 Jul 2019 07:13:22 GMT" time="0.007" errors="0">
  <testcase name="f" time="0.007" classname="com.test.demo3_testNG"/>
</testsuite> <!-- com.test.demo3_testNG -->
