<?xml version="1.0" encoding="UTF-8"?>
<!-- Generated by org.testng.reporters.JUnitReportReporter -->
<testsuite skipped="0" hostname="BDC6-DX-J0R79F2" name="com.test.demo4_testng_priority" tests="4" failures="0" timestamp="12 Jul 2019 09:03:31 GMT" time="0.025" errors="0">
  <testcase name="B" time="0.017" classname="com.test.demo4_testng_priority"/>
  <testcase name="a" time="0.004" classname="com.test.demo4_testng_priority"/>
  <testcase name="C" time="0.002" classname="com.test.demo4_testng_priority"/>
  <testcase name="D" time="0.002" classname="com.test.demo4_testng_priority"/>
</testsuite> <!-- com.test.demo4_testng_priority -->
