<?xml version="1.0" encoding="UTF-8"?>
<!-- Generated by org.testng.reporters.JUnitReportReporter -->
<testsuite skipped="0" hostname="BDC6-DX-J0R79F2" name="com.test.webdriverdemo2_driverutility" tests="1" failures="0" timestamp="15 Jul 2019 10:00:44 GMT" time="35.827" errors="0">
  <testcase name="f" time="35.827" classname="com.test.webdriverdemo2_driverutility"/>
</testsuite> <!-- com.test.webdriverdemo2_driverutility -->
